Determining if the pthread_create exist failed with the following output:
Change Dir: /home/aom/aom_build/CMakeFiles/CMakeTmp

Run Build Command:"/usr/bin/make" "cmTC_d0269/fast"
/usr/bin/make -f CMakeFiles/cmTC_d0269.dir/build.make CMakeFiles/cmTC_d0269.dir/build
make[1]: Entering directory '/home/aom/aom_build/CMakeFiles/CMakeTmp'
Building C object CMakeFiles/cmTC_d0269.dir/CheckSymbolExists.c.o
/usr/bin/cc    -o CMakeFiles/cmTC_d0269.dir/CheckSymbolExists.c.o   -c /home/aom/aom_build/CMakeFiles/CMakeTmp/CheckSymbolExists.c
Linking C executable cmTC_d0269
/usr/bin/cmake -E cmake_link_script CMakeFiles/cmTC_d0269.dir/link.txt --verbose=1
/usr/bin/cc      CMakeFiles/cmTC_d0269.dir/CheckSymbolExists.c.o  -o cmTC_d0269 
CMakeFiles/cmTC_d0269.dir/CheckSymbolExists.c.o: In function `main':
CheckSymbolExists.c:(.text+0x16): undefined reference to `pthread_create'
collect2: error: ld returned 1 exit status
CMakeFiles/cmTC_d0269.dir/build.make:86: recipe for target 'cmTC_d0269' failed
make[1]: *** [cmTC_d0269] Error 1
make[1]: Leaving directory '/home/aom/aom_build/CMakeFiles/CMakeTmp'
Makefile:121: recipe for target 'cmTC_d0269/fast' failed
make: *** [cmTC_d0269/fast] Error 2

File /home/aom/aom_build/CMakeFiles/CMakeTmp/CheckSymbolExists.c:
/* */
#include <pthread.h>

int main(int argc, char** argv)
{
  (void)argv;
#ifndef pthread_create
  return ((int*)(&pthread_create))[argc];
#else
  (void)argc;
  return 0;
#endif
}

Determining if the function pthread_create exists in the pthreads failed with the following output:
Change Dir: /home/aom/aom_build/CMakeFiles/CMakeTmp

Run Build Command:"/usr/bin/make" "cmTC_17716/fast"
/usr/bin/make -f CMakeFiles/cmTC_17716.dir/build.make CMakeFiles/cmTC_17716.dir/build
make[1]: Entering directory '/home/aom/aom_build/CMakeFiles/CMakeTmp'
Building C object CMakeFiles/cmTC_17716.dir/CheckFunctionExists.c.o
/usr/bin/cc   -DCHECK_FUNCTION_EXISTS=pthread_create   -o CMakeFiles/cmTC_17716.dir/CheckFunctionExists.c.o   -c /usr/share/cmake-3.13/Modules/CheckFunctionExists.c
Linking C executable cmTC_17716
/usr/bin/cmake -E cmake_link_script CMakeFiles/cmTC_17716.dir/link.txt --verbose=1
/usr/bin/cc  -DCHECK_FUNCTION_EXISTS=pthread_create    CMakeFiles/cmTC_17716.dir/CheckFunctionExists.c.o  -o cmTC_17716 -lpthreads 
/usr/bin/ld: cannot find -lpthreads
collect2: error: ld returned 1 exit status
CMakeFiles/cmTC_17716.dir/build.make:86: recipe for target 'cmTC_17716' failed
make[1]: *** [cmTC_17716] Error 1
make[1]: Leaving directory '/home/aom/aom_build/CMakeFiles/CMakeTmp'
Makefile:121: recipe for target 'cmTC_17716/fast' failed
make: *** [cmTC_17716/fast] Error 2


Performing C++ SOURCE FILE Test CXX_FLAG_SUPPORTED failed with the following output:
Change Dir: /home/aom/aom_build/CMakeFiles/CMakeTmp

Run Build Command:"/usr/bin/make" "cmTC_931fe/fast"
/usr/bin/make -f CMakeFiles/cmTC_931fe.dir/build.make CMakeFiles/cmTC_931fe.dir/build
make[1]: Entering directory '/home/aom/aom_build/CMakeFiles/CMakeTmp'
Building CXX object CMakeFiles/cmTC_931fe.dir/src.cxx.o
/usr/bin/c++    -DCXX_FLAG_SUPPORTED -fPIE   -Wimplicit-function-declaration -o CMakeFiles/cmTC_931fe.dir/src.cxx.o -c /home/aom/aom_build/CMakeFiles/CMakeTmp/src.cxx
cc1plus: warning: command line option '-Wimplicit-function-declaration' is valid for C/ObjC but not for C++
Linking CXX executable cmTC_931fe
/usr/bin/cmake -E cmake_link_script CMakeFiles/cmTC_931fe.dir/link.txt --verbose=1
/usr/bin/c++   -DCXX_FLAG_SUPPORTED    CMakeFiles/cmTC_931fe.dir/src.cxx.o  -o cmTC_931fe -lm 
make[1]: Leaving directory '/home/aom/aom_build/CMakeFiles/CMakeTmp'

Source file was:
int main() { return 0; }
Performing C SOURCE FILE Test C_FLAG_SUPPORTED failed with the following output:
Change Dir: /home/aom/aom_build/CMakeFiles/CMakeTmp

Run Build Command:"/usr/bin/make" "cmTC_144bf/fast"
/usr/bin/make -f CMakeFiles/cmTC_144bf.dir/build.make CMakeFiles/cmTC_144bf.dir/build
make[1]: Entering directory '/home/aom/aom_build/CMakeFiles/CMakeTmp'
Building C object CMakeFiles/cmTC_144bf.dir/src.c.o
/usr/bin/cc   -DC_FLAG_SUPPORTED -fPIE   -Wstring-conversion -o CMakeFiles/cmTC_144bf.dir/src.c.o   -c /home/aom/aom_build/CMakeFiles/CMakeTmp/src.c
cc: error: unrecognized command line option '-Wstring-conversion'
CMakeFiles/cmTC_144bf.dir/build.make:65: recipe for target 'CMakeFiles/cmTC_144bf.dir/src.c.o' failed
make[1]: *** [CMakeFiles/cmTC_144bf.dir/src.c.o] Error 1
make[1]: Leaving directory '/home/aom/aom_build/CMakeFiles/CMakeTmp'
Makefile:121: recipe for target 'cmTC_144bf/fast' failed
make: *** [cmTC_144bf/fast] Error 2

Source file was:
int main(void) { return 0; }
Performing C++ SOURCE FILE Test CXX_FLAG_SUPPORTED failed with the following output:
Change Dir: /home/aom/aom_build/CMakeFiles/CMakeTmp

Run Build Command:"/usr/bin/make" "cmTC_80c08/fast"
/usr/bin/make -f CMakeFiles/cmTC_80c08.dir/build.make CMakeFiles/cmTC_80c08.dir/build
make[1]: Entering directory '/home/aom/aom_build/CMakeFiles/CMakeTmp'
Building CXX object CMakeFiles/cmTC_80c08.dir/src.cxx.o
/usr/bin/c++    -DCXX_FLAG_SUPPORTED -fPIE   -Wstring-conversion -o CMakeFiles/cmTC_80c08.dir/src.cxx.o -c /home/aom/aom_build/CMakeFiles/CMakeTmp/src.cxx
c++: error: unrecognized command line option '-Wstring-conversion'
CMakeFiles/cmTC_80c08.dir/build.make:65: recipe for target 'CMakeFiles/cmTC_80c08.dir/src.cxx.o' failed
make[1]: *** [CMakeFiles/cmTC_80c08.dir/src.cxx.o] Error 1
make[1]: Leaving directory '/home/aom/aom_build/CMakeFiles/CMakeTmp'
Makefile:121: recipe for target 'cmTC_80c08/fast' failed
make: *** [cmTC_80c08/fast] Error 2

Source file was:
int main() { return 0; }
Performing C SOURCE FILE Test C_FLAG_SUPPORTED failed with the following output:
Change Dir: /home/aom/aom_build/CMakeFiles/CMakeTmp

Run Build Command:"/usr/bin/make" "cmTC_aa6ab/fast"
/usr/bin/make -f CMakeFiles/cmTC_aa6ab.dir/build.make CMakeFiles/cmTC_aa6ab.dir/build
make[1]: Entering directory '/home/aom/aom_build/CMakeFiles/CMakeTmp'
Building C object CMakeFiles/cmTC_aa6ab.dir/src.c.o
/usr/bin/cc   -DC_FLAG_SUPPORTED -fPIE   -Wshorten-64-to-32 -o CMakeFiles/cmTC_aa6ab.dir/src.c.o   -c /home/aom/aom_build/CMakeFiles/CMakeTmp/src.c
cc: error: unrecognized command line option '-Wshorten-64-to-32'
CMakeFiles/cmTC_aa6ab.dir/build.make:65: recipe for target 'CMakeFiles/cmTC_aa6ab.dir/src.c.o' failed
make[1]: *** [CMakeFiles/cmTC_aa6ab.dir/src.c.o] Error 1
make[1]: Leaving directory '/home/aom/aom_build/CMakeFiles/CMakeTmp'
Makefile:121: recipe for target 'cmTC_aa6ab/fast' failed
make: *** [cmTC_aa6ab/fast] Error 2

Source file was:
int main(void) { return 0; }
